SherLock-20190120T124850Z-001/SherLockApp/AgentMain/build/outputs/logs/manifest-merger-debug-report.txt
-- Merging decision tree log ---
manifest
ADDED from src\main\AndroidManifest.xml:2:1-9:12
INJECTED from src\main\AndroidManifest.xml:2:1-9:12
INJECTED from src\main\AndroidManifest.xml:2:1-9:12
INJECTED from src\main\AndroidManifest.xml:2:1-9:12
INJECTED from src\main\AndroidManifest.xml:2:1-9:12
INJECTED from src\main\AndroidManifest.xml:2:1-9:12
INJECTED from src\main\AndroidManifest.xml:2:1-9:12
	package
		ADDED from src\main\AndroidManifest.xml:3:11-38
		INJECTED from src\main\AndroidManifest.xml
		INJECTED from src\main\AndroidManifest.xml
	android:versionName
		ADDED from src\main\AndroidManifest.xml:5:11-36
		INJECTED from src\main\AndroidManifest.xml
		INJECTED from src\main\AndroidManifest.xml
	xmlns:android
		ADDED from src\main\AndroidManifest.xml:2:11-69
	android:versionCode
		ADDED from src\main\AndroidManifest.xml:4:11-34
		INJECTED from src\main\AndroidManifest.xml
		INJECTED from src\main\AndroidManifest.xml
application
ADDED from src\main\AndroidManifest.xml:7:5-8:19
	android:label
		ADDED from src\main\AndroidManifest.xml:7:18-50
	android:icon
		ADDED from src\main\AndroidManifest.xml:7:51-87
uses-sdk
INJECTED from src\main\AndroidManifest.xml reason: use-sdk injection requested
INJECTED from src\main\AndroidManifest.xml
INJECTED from src\main\AndroidManifest.xml
	android:minSdkVersion
		INJECTED from src\main\AndroidManifest.xml
		ADDED from src\main\AndroidManifest.xml
		INJECTED from src\main\AndroidManifest.xml